<?xml version="1.0" encoding="UTF-8"?>
<coverage generated="1661890009147" clover="3.2.0">
  <project timestamp="1661890009147" name="All files">
    <metrics statements="67" coveredstatements="35" conditionals="6" coveredconditionals="0" methods="23" coveredmethods="3" elements="96" coveredelements="38" complexity="0" loc="67" ncloc="67" packages="3" files="10" classes="10"/>
    <package name="rfe2207-fec-trig-titans">
      <metrics statements="1" coveredstatements="1" conditionals="0" coveredconditionals="0" methods="0" coveredmethods="0"/>
      <file name="config.js" path="/Users/nickadam/Documents/HackReactor/rfe2207-fec-trig-titans/config.js">
        <metrics statements="1" coveredstatements="1" conditionals="0" coveredconditionals="0" methods="0" coveredmethods="0"/>
        <line num="1" count="2" type="stmt"/>
      </file>
    </package>
    <package name="rfe2207-fec-trig-titans.client.src.components.overview">
      <metrics statements="25" coveredstatements="15" conditionals="0" coveredconditionals="0" methods="7" coveredmethods="3"/>
      <file name="GalleryView.jsx" path="/Users/nickadam/Documents/HackReactor/rfe2207-fec-trig-titans/client/src/components/overview/GalleryView.jsx">
        <metrics statements="25" coveredstatements="15" conditionals="0" coveredconditionals="0" methods="7" coveredmethods="3"/>
        <line num="17" count="2" type="stmt"/>
        <line num="41" count="2" type="stmt"/>
        <line num="50" count="2" type="stmt"/>
        <line num="59" count="2" type="stmt"/>
        <line num="69" count="2" type="stmt"/>
        <line num="70" count="2" type="stmt"/>
        <line num="71" count="2" type="stmt"/>
        <line num="72" count="2" type="stmt"/>
        <line num="73" count="10" type="stmt"/>
        <line num="74" count="10" type="stmt"/>
        <line num="75" count="10" type="stmt"/>
        <line num="77" count="2" type="stmt"/>
        <line num="78" count="2" type="stmt"/>
        <line num="79" count="2" type="stmt"/>
        <line num="81" count="2" type="stmt"/>
        <line num="87" count="0" type="stmt"/>
        <line num="97" count="0" type="stmt"/>
        <line num="106" count="0" type="stmt"/>
        <line num="107" count="0" type="stmt"/>
        <line num="108" count="0" type="stmt"/>
        <line num="111" count="0" type="stmt"/>
        <line num="113" count="0" type="stmt"/>
        <line num="115" count="0" type="stmt"/>
        <line num="117" count="0" type="stmt"/>
        <line num="120" count="0" type="stmt"/>
      </file>
    </package>
    <package name="rfe2207-fec-trig-titans.client.src.components.overview.overview-components">
      <metrics statements="41" coveredstatements="19" conditionals="6" coveredconditionals="0" methods="16" coveredmethods="0"/>
      <file name="Carousel.jsx" path="/Users/nickadam/Documents/HackReactor/rfe2207-fec-trig-titans/client/src/components/overview/overview-components/Carousel.jsx">
        <metrics statements="18" coveredstatements="6" conditionals="6" coveredconditionals="0" methods="7" coveredmethods="0"/>
        <line num="6" count="2" type="stmt"/>
        <line num="17" count="2" type="stmt"/>
        <line num="41" count="2" type="stmt"/>
        <line num="55" count="2" type="stmt"/>
        <line num="64" count="2" type="stmt"/>
        <line num="82" count="2" type="stmt"/>
        <line num="104" count="0" type="stmt"/>
        <line num="106" count="0" type="stmt"/>
        <line num="107" count="0" type="stmt"/>
        <line num="110" count="0" type="stmt"/>
        <line num="111" count="0" type="stmt"/>
        <line num="114" count="0" type="stmt"/>
        <line num="118" count="0" type="stmt"/>
        <line num="132" count="0" type="cond" truecount="0" falsecount="2"/>
        <line num="133" count="0" type="stmt"/>
        <line num="135" count="0" type="stmt"/>
        <line num="141" count="0" type="stmt"/>
        <line num="143" count="0" type="stmt"/>
      </file>
      <file name="Description.jsx" path="/Users/nickadam/Documents/HackReactor/rfe2207-fec-trig-titans/client/src/components/overview/overview-components/Description.jsx">
        <metrics statements="2" coveredstatements="1" conditionals="0" coveredconditionals="0" methods="1" coveredmethods="0"/>
        <line num="4" count="2" type="stmt"/>
        <line num="10" count="0" type="stmt"/>
      </file>
      <file name="Facts.jsx" path="/Users/nickadam/Documents/HackReactor/rfe2207-fec-trig-titans/client/src/components/overview/overview-components/Facts.jsx">
        <metrics statements="4" coveredstatements="1" conditionals="0" coveredconditionals="0" methods="2" coveredmethods="0"/>
        <line num="4" count="2" type="stmt"/>
        <line num="9" count="0" type="stmt"/>
        <line num="10" count="0" type="stmt"/>
        <line num="12" count="0" type="stmt"/>
      </file>
      <file name="Form.jsx" path="/Users/nickadam/Documents/HackReactor/rfe2207-fec-trig-titans/client/src/components/overview/overview-components/Form.jsx">
        <metrics statements="3" coveredstatements="2" conditionals="0" coveredconditionals="0" methods="1" coveredmethods="0"/>
        <line num="4" count="2" type="stmt"/>
        <line num="7" count="2" type="stmt"/>
        <line num="11" count="0" type="stmt"/>
      </file>
      <file name="Name.jsx" path="/Users/nickadam/Documents/HackReactor/rfe2207-fec-trig-titans/client/src/components/overview/overview-components/Name.jsx">
        <metrics statements="4" coveredstatements="3" conditionals="0" coveredconditionals="0" methods="1" coveredmethods="0"/>
        <line num="4" count="2" type="stmt"/>
        <line num="8" count="2" type="stmt"/>
        <line num="13" count="2" type="stmt"/>
        <line num="19" count="0" type="stmt"/>
      </file>
      <file name="Price.jsx" path="/Users/nickadam/Documents/HackReactor/rfe2207-fec-trig-titans/client/src/components/overview/overview-components/Price.jsx">
        <metrics statements="2" coveredstatements="1" conditionals="0" coveredconditionals="0" methods="1" coveredmethods="0"/>
        <line num="4" count="2" type="stmt"/>
        <line num="9" count="0" type="stmt"/>
      </file>
      <file name="Selector.jsx" path="/Users/nickadam/Documents/HackReactor/rfe2207-fec-trig-titans/client/src/components/overview/overview-components/Selector.jsx">
        <metrics statements="6" coveredstatements="4" conditionals="0" coveredconditionals="0" methods="2" coveredmethods="0"/>
        <line num="4" count="2" type="stmt"/>
        <line num="7" count="2" type="stmt"/>
        <line num="9" count="2" type="stmt"/>
        <line num="15" count="2" type="stmt"/>
        <line num="32" count="0" type="stmt"/>
        <line num="38" count="0" type="stmt"/>
      </file>
      <file name="Stars.jsx" path="/Users/nickadam/Documents/HackReactor/rfe2207-fec-trig-titans/client/src/components/overview/overview-components/Stars.jsx">
        <metrics statements="2" coveredstatements="1" conditionals="0" coveredconditionals="0" methods="1" coveredmethods="0"/>
        <line num="4" count="2" type="stmt"/>
        <line num="10" count="0" type="stmt"/>
      </file>
    </package>
  </project>
</coverage>
