{"/Users/christophergarcia/Desktop/rfe2207-fec-trig-titans/config.js": {"path":"/Users/christophergarcia/Desktop/rfe2207-fec-trig-titans/config.js","statementMap":{"0":{"start":{"line":1,"column":12},"end":{"line":1,"column":54}}},"fnMap":{},"branchMap":{},"s":{"0":3},"f":{},"b":{},"_coverageSchema":"1a1c01bbd47fc00a2c39e90264f33305004495a9","hash":"380d7a15e0805aadeeb6d3bc48c4f675a5bf911f"}
,"/Users/christophergarcia/Desktop/rfe2207-fec-trig-titans/client/src/components/overview/GalleryView.jsx": {"path":"/Users/christophergarcia/Desktop/rfe2207-fec-trig-titans/client/src/components/overview/GalleryView.jsx","statementMap":{"0":{"start":{"line":17,"column":27},"end":{"line":38,"column":1}},"1":{"start":{"line":41,"column":23},"end":{"line":47,"column":2}},"2":{"start":{"line":50,"column":28},"end":{"line":56,"column":2}},"3":{"start":{"line":59,"column":27},"end":{"line":65,"column":2}},"4":{"start":{"line":69,"column":20},"end":{"line":69,"column":42}},"5":{"start":{"line":70,"column":22},"end":{"line":70,"column":23}},"6":{"start":{"line":71,"column":14},"end":{"line":71,"column":15}},"7":{"start":{"line":72,"column":2},"end":{"line":76,"column":4}},"8":{"start":{"line":73,"column":20},"end":{"line":73,"column":39}},"9":{"start":{"line":74,"column":4},"end":{"line":74,"column":31}},"10":{"start":{"line":75,"column":4},"end":{"line":75,"column":38}},"11":{"start":{"line":77,"column":16},"end":{"line":77,"column":37}},"12":{"start":{"line":78,"column":21},"end":{"line":80,"column":3}},"13":{"start":{"line":79,"column":4},"end":{"line":79,"column":51}},"14":{"start":{"line":81,"column":2},"end":{"line":81,"column":31}},"15":{"start":{"line":87,"column":28},"end":{"line":95,"column":4}},"16":{"start":{"line":97,"column":31},"end":{"line":104,"column":4}},"17":{"start":{"line":106,"column":28},"end":{"line":106,"column":39}},"18":{"start":{"line":107,"column":2},"end":{"line":119,"column":9}},"19":{"start":{"line":108,"column":4},"end":{"line":118,"column":8}},"20":{"start":{"line":111,"column":8},"end":{"line":111,"column":53}},"21":{"start":{"line":113,"column":8},"end":{"line":113,"column":48}},"22":{"start":{"line":115,"column":8},"end":{"line":115,"column":72}},"23":{"start":{"line":117,"column":8},"end":{"line":117,"column":25}},"24":{"start":{"line":120,"column":2},"end":{"line":132,"column":3}}},"fnMap":{"0":{"name":"findAverageRating","decl":{"start":{"line":68,"column":9},"end":{"line":68,"column":26}},"loc":{"start":{"line":68,"column":37},"end":{"line":82,"column":1}},"line":68},"1":{"name":"(anonymous_1)","decl":{"start":{"line":72,"column":22},"end":{"line":72,"column":23}},"loc":{"start":{"line":72,"column":44},"end":{"line":76,"column":3}},"line":72},"2":{"name":"(anonymous_2)","decl":{"start":{"line":78,"column":21},"end":{"line":78,"column":22}},"loc":{"start":{"line":78,"column":38},"end":{"line":80,"column":3}},"line":78},"3":{"name":"Overview","decl":{"start":{"line":85,"column":9},"end":{"line":85,"column":17}},"loc":{"start":{"line":85,"column":25},"end":{"line":133,"column":1}},"line":85},"4":{"name":"(anonymous_4)","decl":{"start":{"line":107,"column":12},"end":{"line":107,"column":13}},"loc":{"start":{"line":107,"column":18},"end":{"line":119,"column":3}},"line":107},"5":{"name":"(anonymous_5)","decl":{"start":{"line":109,"column":12},"end":{"line":109,"column":13}},"loc":{"start":{"line":109,"column":26},"end":{"line":116,"column":7}},"line":109},"6":{"name":"(anonymous_6)","decl":{"start":{"line":116,"column":15},"end":{"line":116,"column":16}},"loc":{"start":{"line":116,"column":24},"end":{"line":118,"column":7}},"line":116}},"branchMap":{},"s":{"0":2,"1":2,"2":2,"3":2,"4":2,"5":2,"6":2,"7":2,"8":10,"9":10,"10":10,"11":2,"12":2,"13":2,"14":2,"15":0,"16":0,"17":0,"18":0,"19":0,"20":0,"21":0,"22":0,"23":0,"24":0},"f":{"0":2,"1":10,"2":2,"3":0,"4":0,"5":0,"6":0},"b":{},"_coverageSchema":"1a1c01bbd47fc00a2c39e90264f33305004495a9","hash":"4643e701cf02d7dd8259eec3c5229eea661f8457"}
,"/Users/christophergarcia/Desktop/rfe2207-fec-trig-titans/client/src/components/overview/overview-components/Carousel.jsx": {"path":"/Users/christophergarcia/Desktop/rfe2207-fec-trig-titans/client/src/components/overview/overview-components/Carousel.jsx","statementMap":{"0":{"start":{"line":6,"column":31},"end":{"line":15,"column":1}},"1":{"start":{"line":17,"column":26},"end":{"line":39,"column":1}},"2":{"start":{"line":41,"column":18},"end":{"line":52,"column":1}},"3":{"start":{"line":55,"column":14},"end":{"line":62,"column":1}},"4":{"start":{"line":64,"column":19},"end":{"line":80,"column":1}},"5":{"start":{"line":82,"column":20},"end":{"line":98,"column":1}},"6":{"start":{"line":104,"column":18},"end":{"line":104,"column":29}},"7":{"start":{"line":106,"column":17},"end":{"line":108,"column":3}},"8":{"start":{"line":107,"column":4},"end":{"line":107,"column":18}},"9":{"start":{"line":110,"column":18},"end":{"line":112,"column":3}},"10":{"start":{"line":111,"column":4},"end":{"line":111,"column":18}},"11":{"start":{"line":114,"column":2},"end":{"line":156,"column":3}},"12":{"start":{"line":118,"column":8},"end":{"line":125,"column":9}},"13":{"start":{"line":132,"column":10},"end":{"line":148,"column":11}},"14":{"start":{"line":133,"column":12},"end":{"line":139,"column":13}},"15":{"start":{"line":135,"column":16},"end":{"line":135,"column":36}},"16":{"start":{"line":141,"column":12},"end":{"line":147,"column":13}},"17":{"start":{"line":143,"column":16},"end":{"line":143,"column":36}}},"fnMap":{"0":{"name":"OverviewCarousel","decl":{"start":{"line":100,"column":24},"end":{"line":100,"column":40}},"loc":{"start":{"line":100,"column":53},"end":{"line":157,"column":1}},"line":100},"1":{"name":"(anonymous_1)","decl":{"start":{"line":106,"column":17},"end":{"line":106,"column":18}},"loc":{"start":{"line":106,"column":23},"end":{"line":108,"column":3}},"line":106},"2":{"name":"(anonymous_2)","decl":{"start":{"line":110,"column":18},"end":{"line":110,"column":19}},"loc":{"start":{"line":110,"column":24},"end":{"line":112,"column":3}},"line":110},"3":{"name":"(anonymous_3)","decl":{"start":{"line":117,"column":17},"end":{"line":117,"column":18}},"loc":{"start":{"line":117,"column":35},"end":{"line":126,"column":7}},"line":117},"4":{"name":"(anonymous_4)","decl":{"start":{"line":130,"column":19},"end":{"line":130,"column":20}},"loc":{"start":{"line":130,"column":37},"end":{"line":149,"column":9}},"line":130},"5":{"name":"(anonymous_5)","decl":{"start":{"line":134,"column":70},"end":{"line":134,"column":71}},"loc":{"start":{"line":134,"column":76},"end":{"line":136,"column":15}},"line":134},"6":{"name":"(anonymous_6)","decl":{"start":{"line":142,"column":46},"end":{"line":142,"column":47}},"loc":{"start":{"line":142,"column":52},"end":{"line":144,"column":15}},"line":142}},"branchMap":{"0":{"loc":{"start":{"line":132,"column":10},"end":{"line":148,"column":11}},"type":"if","locations":[{"start":{"line":132,"column":10},"end":{"line":148,"column":11}},{"start":{"line":140,"column":17},"end":{"line":148,"column":11}}],"line":132},"1":{"loc":{"start":{"line":153,"column":5},"end":{"line":153,"column":79}},"type":"cond-expr","locations":[{"start":{"line":153,"column":16},"end":{"line":153,"column":27}},{"start":{"line":153,"column":32},"end":{"line":153,"column":78}}],"line":153},"2":{"loc":{"start":{"line":154,"column":5},"end":{"line":154,"column":108}},"type":"cond-expr","locations":[{"start":{"line":154,"column":41},"end":{"line":154,"column":91}},{"start":{"line":154,"column":96},"end":{"line":154,"column":107}}],"line":154}},"s":{"0":2,"1":2,"2":2,"3":2,"4":2,"5":2,"6":0,"7":0,"8":0,"9":0,"10":0,"11":0,"12":0,"13":0,"14":0,"15":0,"16":0,"17":0},"f":{"0":0,"1":0,"2":0,"3":0,"4":0,"5":0,"6":0},"b":{"0":[0,0],"1":[0,0],"2":[0,0]},"_coverageSchema":"1a1c01bbd47fc00a2c39e90264f33305004495a9","hash":"3e4e8e702cf80c0afd085e5bd9179046cae4fa1d"}
,"/Users/christophergarcia/Desktop/rfe2207-fec-trig-titans/client/src/components/overview/overview-components/Description.jsx": {"path":"/Users/christophergarcia/Desktop/rfe2207-fec-trig-titans/client/src/components/overview/overview-components/Description.jsx","statementMap":{"0":{"start":{"line":4,"column":41},"end":{"line":7,"column":1}},"1":{"start":{"line":10,"column":2},"end":{"line":14,"column":4}}},"fnMap":{"0":{"name":"OverviewDescription","decl":{"start":{"line":9,"column":24},"end":{"line":9,"column":43}},"loc":{"start":{"line":9,"column":61},"end":{"line":15,"column":1}},"line":9}},"branchMap":{},"s":{"0":2,"1":0},"f":{"0":0},"b":{},"_coverageSchema":"1a1c01bbd47fc00a2c39e90264f33305004495a9","hash":"62ff5ea9fbfe4cb95f450ecb8a26a5efb855b783"}
,"/Users/christophergarcia/Desktop/rfe2207-fec-trig-titans/client/src/components/overview/overview-components/Facts.jsx": {"path":"/Users/christophergarcia/Desktop/rfe2207-fec-trig-titans/client/src/components/overview/overview-components/Facts.jsx","statementMap":{"0":{"start":{"line":4,"column":35},"end":{"line":6,"column":1}},"1":{"start":{"line":9,"column":17},"end":{"line":11,"column":4}},"2":{"start":{"line":10,"column":4},"end":{"line":10,"column":49}},"3":{"start":{"line":12,"column":2},"end":{"line":18,"column":4}}},"fnMap":{"0":{"name":"OverviewFacts","decl":{"start":{"line":8,"column":24},"end":{"line":8,"column":37}},"loc":{"start":{"line":8,"column":49},"end":{"line":19,"column":1}},"line":8},"1":{"name":"(anonymous_1)","decl":{"start":{"line":9,"column":27},"end":{"line":9,"column":28}},"loc":{"start":{"line":9,"column":37},"end":{"line":11,"column":3}},"line":9}},"branchMap":{},"s":{"0":2,"1":0,"2":0,"3":0},"f":{"0":0,"1":0},"b":{},"_coverageSchema":"1a1c01bbd47fc00a2c39e90264f33305004495a9","hash":"1c79f1ba20f70c42b20be8c5a536ce52799d4fdd"}
,"/Users/christophergarcia/Desktop/rfe2207-fec-trig-titans/client/src/components/overview/overview-components/Form.jsx": {"path":"/Users/christophergarcia/Desktop/rfe2207-fec-trig-titans/client/src/components/overview/overview-components/Form.jsx","statementMap":{"0":{"start":{"line":4,"column":33},"end":{"line":6,"column":1}},"1":{"start":{"line":7,"column":35},"end":{"line":8,"column":1}},"2":{"start":{"line":11,"column":2},"end":{"line":34,"column":4}}},"fnMap":{"0":{"name":"OverViewForm","decl":{"start":{"line":10,"column":24},"end":{"line":10,"column":36}},"loc":{"start":{"line":10,"column":49},"end":{"line":35,"column":1}},"line":10}},"branchMap":{},"s":{"0":2,"1":2,"2":0},"f":{"0":0},"b":{},"_coverageSchema":"1a1c01bbd47fc00a2c39e90264f33305004495a9","hash":"72035c96c633c323002bf4209106ec4bf6b56866"}
,"/Users/christophergarcia/Desktop/rfe2207-fec-trig-titans/client/src/components/overview/overview-components/Name.jsx": {"path":"/Users/christophergarcia/Desktop/rfe2207-fec-trig-titans/client/src/components/overview/overview-components/Name.jsx","statementMap":{"0":{"start":{"line":4,"column":27},"end":{"line":6,"column":1}},"1":{"start":{"line":8,"column":31},"end":{"line":11,"column":1}},"2":{"start":{"line":13,"column":28},"end":{"line":16,"column":1}},"3":{"start":{"line":19,"column":2},"end":{"line":24,"column":4}}},"fnMap":{"0":{"name":"OverViewName","decl":{"start":{"line":18,"column":24},"end":{"line":18,"column":36}},"loc":{"start":{"line":18,"column":57},"end":{"line":25,"column":1}},"line":18}},"branchMap":{},"s":{"0":2,"1":2,"2":2,"3":0},"f":{"0":0},"b":{},"_coverageSchema":"1a1c01bbd47fc00a2c39e90264f33305004495a9","hash":"45c9f67861910c3fa5aeb3e3394d2f3abb48c727"}
,"/Users/christophergarcia/Desktop/rfe2207-fec-trig-titans/client/src/components/overview/overview-components/Price.jsx": {"path":"/Users/christophergarcia/Desktop/rfe2207-fec-trig-titans/client/src/components/overview/overview-components/Price.jsx","statementMap":{"0":{"start":{"line":4,"column":28},"end":{"line":6,"column":1}},"1":{"start":{"line":9,"column":2},"end":{"line":13,"column":4}}},"fnMap":{"0":{"name":"OverViewPrice","decl":{"start":{"line":8,"column":24},"end":{"line":8,"column":37}},"loc":{"start":{"line":8,"column":49},"end":{"line":14,"column":1}},"line":8}},"branchMap":{},"s":{"0":2,"1":0},"f":{"0":0},"b":{},"_coverageSchema":"1a1c01bbd47fc00a2c39e90264f33305004495a9","hash":"456f5bf61fcca10d84af3c9f24aa19b94114e6ee"}
,"/Users/christophergarcia/Desktop/rfe2207-fec-trig-titans/client/src/components/overview/overview-components/Selector.jsx": {"path":"/Users/christophergarcia/Desktop/rfe2207-fec-trig-titans/client/src/components/overview/overview-components/Selector.jsx","statementMap":{"0":{"start":{"line":4,"column":36},"end":{"line":6,"column":1}},"1":{"start":{"line":7,"column":34},"end":{"line":8,"column":1}},"2":{"start":{"line":9,"column":36},"end":{"line":14,"column":1}},"3":{"start":{"line":15,"column":20},"end":{"line":28,"column":1}},"4":{"start":{"line":32,"column":2},"end":{"line":50,"column":3}},"5":{"start":{"line":38,"column":8},"end":{"line":45,"column":9}}},"fnMap":{"0":{"name":"OverViewSelector","decl":{"start":{"line":31,"column":24},"end":{"line":31,"column":40}},"loc":{"start":{"line":31,"column":53},"end":{"line":51,"column":1}},"line":31},"1":{"name":"(anonymous_1)","decl":{"start":{"line":37,"column":17},"end":{"line":37,"column":18}},"loc":{"start":{"line":37,"column":35},"end":{"line":46,"column":7}},"line":37}},"branchMap":{},"s":{"0":2,"1":2,"2":2,"3":2,"4":0,"5":0},"f":{"0":0,"1":0},"b":{},"_coverageSchema":"1a1c01bbd47fc00a2c39e90264f33305004495a9","hash":"f3ee6bc3ec2e67e7c496784c30e53bd94015551b"}
,"/Users/christophergarcia/Desktop/rfe2207-fec-trig-titans/client/src/components/overview/overview-components/Stars.jsx": {"path":"/Users/christophergarcia/Desktop/rfe2207-fec-trig-titans/client/src/components/overview/overview-components/Stars.jsx","statementMap":{"0":{"start":{"line":4,"column":28},"end":{"line":7,"column":1}},"1":{"start":{"line":10,"column":2},"end":{"line":14,"column":4}}},"fnMap":{"0":{"name":"OverviewStars","decl":{"start":{"line":9,"column":24},"end":{"line":9,"column":37}},"loc":{"start":{"line":9,"column":49},"end":{"line":15,"column":1}},"line":9}},"branchMap":{},"s":{"0":2,"1":0},"f":{"0":0},"b":{},"_coverageSchema":"1a1c01bbd47fc00a2c39e90264f33305004495a9","hash":"509f3ae9846ca10310d826b0aa57e57c5c51d36a"}
,"/Users/christophergarcia/Desktop/rfe2207-fec-trig-titans/client/src/components/questions/Answer.jsx": {"path":"/Users/christophergarcia/Desktop/rfe2207-fec-trig-titans/client/src/components/questions/Answer.jsx","statementMap":{"0":{"start":{"line":8,"column":21},"end":{"line":10,"column":1}},"1":{"start":{"line":13,"column":19},"end":{"line":24,"column":1}},"2":{"start":{"line":14,"column":13},"end":{"line":14,"column":68}},"3":{"start":{"line":15,"column":16},"end":{"line":15,"column":35}},"4":{"start":{"line":17,"column":2},"end":{"line":17,"column":48}},"5":{"start":{"line":19,"column":25},"end":{"line":19,"column":48}},"6":{"start":{"line":21,"column":2},"end":{"line":21,"column":87}},"7":{"start":{"line":23,"column":2},"end":{"line":23,"column":17}},"8":{"start":{"line":26,"column":15},"end":{"line":87,"column":1}},"9":{"start":{"line":28,"column":38},"end":{"line":28,"column":61}},"10":{"start":{"line":30,"column":52},"end":{"line":30,"column":67}},"11":{"start":{"line":31,"column":42},"end":{"line":31,"column":74}},"12":{"start":{"line":33,"column":18},"end":{"line":33,"column":45}},"13":{"start":{"line":34,"column":13},"end":{"line":34,"column":37}},"14":{"start":{"line":36,"column":2},"end":{"line":38,"column":3}},"15":{"start":{"line":37,"column":4},"end":{"line":37,"column":35}},"16":{"start":{"line":40,"column":21},"end":{"line":57,"column":3}},"17":{"start":{"line":41,"column":4},"end":{"line":56,"column":5}},"18":{"start":{"line":42,"column":6},"end":{"line":42,"column":13}},"19":{"start":{"line":44,"column":6},"end":{"line":44,"column":40}},"20":{"start":{"line":45,"column":6},"end":{"line":55,"column":8}},"21":{"start":{"line":51,"column":8},"end":{"line":51,"column":35}},"22":{"start":{"line":59,"column":20},"end":{"line":75,"column":3}},"23":{"start":{"line":60,"column":4},"end":{"line":74,"column":5}},"24":{"start":{"line":61,"column":6},"end":{"line":61,"column":13}},"25":{"start":{"line":63,"column":6},"end":{"line":73,"column":8}},"26":{"start":{"line":69,"column":8},"end":{"line":69,"column":45}},"27":{"start":{"line":77,"column":2},"end":{"line":86,"column":3}}},"fnMap":{"0":{"name":"(anonymous_0)","decl":{"start":{"line":13,"column":19},"end":{"line":13,"column":20}},"loc":{"start":{"line":13,"column":32},"end":{"line":24,"column":1}},"line":13},"1":{"name":"(anonymous_1)","decl":{"start":{"line":26,"column":15},"end":{"line":26,"column":16}},"loc":{"start":{"line":26,"column":35},"end":{"line":87,"column":1}},"line":26},"2":{"name":"(anonymous_2)","decl":{"start":{"line":40,"column":21},"end":{"line":40,"column":22}},"loc":{"start":{"line":40,"column":27},"end":{"line":57,"column":3}},"line":40},"3":{"name":"(anonymous_3)","decl":{"start":{"line":50,"column":12},"end":{"line":50,"column":13}},"loc":{"start":{"line":50,"column":26},"end":{"line":52,"column":7}},"line":50},"4":{"name":"(anonymous_4)","decl":{"start":{"line":53,"column":13},"end":{"line":53,"column":14}},"loc":{"start":{"line":53,"column":22},"end":{"line":55,"column":7}},"line":53},"5":{"name":"(anonymous_5)","decl":{"start":{"line":59,"column":20},"end":{"line":59,"column":21}},"loc":{"start":{"line":59,"column":26},"end":{"line":75,"column":3}},"line":59},"6":{"name":"(anonymous_6)","decl":{"start":{"line":68,"column":12},"end":{"line":68,"column":13}},"loc":{"start":{"line":68,"column":26},"end":{"line":70,"column":7}},"line":68},"7":{"name":"(anonymous_7)","decl":{"start":{"line":71,"column":13},"end":{"line":71,"column":14}},"loc":{"start":{"line":71,"column":22},"end":{"line":73,"column":7}},"line":71}},"branchMap":{"0":{"loc":{"start":{"line":36,"column":2},"end":{"line":38,"column":3}},"type":"if","locations":[{"start":{"line":36,"column":2},"end":{"line":38,"column":3}},{"start":{},"end":{}}],"line":36},"1":{"loc":{"start":{"line":41,"column":4},"end":{"line":56,"column":5}},"type":"if","locations":[{"start":{"line":41,"column":4},"end":{"line":56,"column":5}},{"start":{"line":43,"column":11},"end":{"line":56,"column":5}}],"line":41},"2":{"loc":{"start":{"line":60,"column":4},"end":{"line":74,"column":5}},"type":"if","locations":[{"start":{"line":60,"column":4},"end":{"line":74,"column":5}},{"start":{"line":62,"column":11},"end":{"line":74,"column":5}}],"line":60}},"s":{"0":1,"1":1,"2":1,"3":1,"4":1,"5":1,"6":1,"7":1,"8":1,"9":0,"10":0,"11":0,"12":0,"13":0,"14":0,"15":0,"16":0,"17":0,"18":0,"19":0,"20":0,"21":0,"22":0,"23":0,"24":0,"25":0,"26":0,"27":0},"f":{"0":1,"1":0,"2":0,"3":0,"4":0,"5":0,"6":0,"7":0},"b":{"0":[0,0],"1":[0,0],"2":[0,0]},"_coverageSchema":"1a1c01bbd47fc00a2c39e90264f33305004495a9","hash":"0b301fabbd0b5c1a5ca4bae4b8fed24fa02e70d2"}
}
