TN:
SF:config.js
FNF:0
FNH:0
DA:1,2
LF:1
LH:1
BRF:0
BRH:0
end_of_record
TN:
SF:client/src/components/overview/GalleryView.jsx
FN:68,findAverageRating
FN:72,(anonymous_1)
FN:78,(anonymous_2)
FN:85,Overview
FN:107,(anonymous_4)
FN:109,(anonymous_5)
FN:116,(anonymous_6)
FNF:7
FNH:3
FNDA:2,findAverageRating
FNDA:10,(anonymous_1)
FNDA:2,(anonymous_2)
FNDA:0,Overview
FNDA:0,(anonymous_4)
FNDA:0,(anonymous_5)
FNDA:0,(anonymous_6)
DA:17,2
DA:41,2
DA:50,2
DA:59,2
DA:69,2
DA:70,2
DA:71,2
DA:72,2
DA:73,10
DA:74,10
DA:75,10
DA:77,2
DA:78,2
DA:79,2
DA:81,2
DA:87,0
DA:97,0
DA:106,0
DA:107,0
DA:108,0
DA:111,0
DA:113,0
DA:115,0
DA:117,0
DA:120,0
LF:25
LH:15
BRF:0
BRH:0
end_of_record
TN:
SF:client/src/components/overview/overview-components/Carousel.jsx
FN:100,OverviewCarousel
FN:106,(anonymous_1)
FN:110,(anonymous_2)
FN:117,(anonymous_3)
FN:130,(anonymous_4)
FN:134,(anonymous_5)
FN:142,(anonymous_6)
FNF:7
FNH:0
FNDA:0,OverviewCarousel
FNDA:0,(anonymous_1)
FNDA:0,(anonymous_2)
FNDA:0,(anonymous_3)
FNDA:0,(anonymous_4)
FNDA:0,(anonymous_5)
FNDA:0,(anonymous_6)
DA:6,2
DA:17,2
DA:41,2
DA:55,2
DA:64,2
DA:82,2
DA:104,0
DA:106,0
DA:107,0
DA:110,0
DA:111,0
DA:114,0
DA:118,0
DA:132,0
DA:133,0
DA:135,0
DA:141,0
DA:143,0
LF:18
LH:6
BRDA:132,0,0,0
BRDA:132,0,1,0
BRDA:153,1,0,0
BRDA:153,1,1,0
BRDA:154,2,0,0
BRDA:154,2,1,0
BRF:6
BRH:0
end_of_record
TN:
SF:client/src/components/overview/overview-components/Description.jsx
FN:9,OverviewDescription
FNF:1
FNH:0
FNDA:0,OverviewDescription
DA:4,2
DA:10,0
LF:2
LH:1
BRF:0
BRH:0
end_of_record
TN:
SF:client/src/components/overview/overview-components/Facts.jsx
FN:8,OverviewFacts
FN:9,(anonymous_1)
FNF:2
FNH:0
FNDA:0,OverviewFacts
FNDA:0,(anonymous_1)
DA:4,2
DA:9,0
DA:10,0
DA:12,0
LF:4
LH:1
BRF:0
BRH:0
end_of_record
TN:
SF:client/src/components/overview/overview-components/Form.jsx
FN:10,OverViewForm
FNF:1
FNH:0
FNDA:0,OverViewForm
DA:4,2
DA:7,2
DA:11,0
LF:3
LH:2
BRF:0
BRH:0
end_of_record
TN:
SF:client/src/components/overview/overview-components/Name.jsx
FN:18,OverViewName
FNF:1
FNH:0
FNDA:0,OverViewName
DA:4,2
DA:8,2
DA:13,2
DA:19,0
LF:4
LH:3
BRF:0
BRH:0
end_of_record
TN:
SF:client/src/components/overview/overview-components/Price.jsx
FN:8,OverViewPrice
FNF:1
FNH:0
FNDA:0,OverViewPrice
DA:4,2
DA:9,0
LF:2
LH:1
BRF:0
BRH:0
end_of_record
TN:
SF:client/src/components/overview/overview-components/Selector.jsx
FN:31,OverViewSelector
FN:37,(anonymous_1)
FNF:2
FNH:0
FNDA:0,OverViewSelector
FNDA:0,(anonymous_1)
DA:4,2
DA:7,2
DA:9,2
DA:15,2
DA:32,0
DA:38,0
LF:6
LH:4
BRF:0
BRH:0
end_of_record
TN:
SF:client/src/components/overview/overview-components/Stars.jsx
FN:9,OverviewStars
FNF:1
FNH:0
FNDA:0,OverviewStars
DA:4,2
DA:10,0
LF:2
LH:1
BRF:0
BRH:0
end_of_record
